==12557== Memcheck, a memory error detector
==12557== Copyright (C) 2002-2017, and GNU GPL'd, by Julian Seward et al.
==12557== Using Valgrind-3.18.1 and LibVEX; rerun with -h for copyright info
==12557== Command: ./a
==12557== Parent PID: 1412
==12557== 
==12557== Use of uninitialised value of size 8
==12557==    at 0x48BA28A: _itoa_word (_itoa.c:178)
==12557==    by 0x48D5ABD: __vfprintf_internal (vfprintf-internal.c:1516)
==12557==    by 0x48C079E: printf (printf.c:33)
==12557==    by 0x109277: simple_print_buffer (0-main.c:27)
==12557==    by 0x1092E1: main (0-main.c:48)
==12557== 
==12557== Conditional jump or move depends on uninitialised value(s)
==12557==    at 0x48BA29C: _itoa_word (_itoa.c:178)
==12557==    by 0x48D5ABD: __vfprintf_internal (vfprintf-internal.c:1516)
==12557==    by 0x48C079E: printf (printf.c:33)
==12557==    by 0x109277: simple_print_buffer (0-main.c:27)
==12557==    by 0x1092E1: main (0-main.c:48)
==12557== 
==12557== Conditional jump or move depends on uninitialised value(s)
==12557==    at 0x48D65C3: __vfprintf_internal (vfprintf-internal.c:1516)
==12557==    by 0x48C079E: printf (printf.c:33)
==12557==    by 0x109277: simple_print_buffer (0-main.c:27)
==12557==    by 0x1092E1: main (0-main.c:48)
==12557== 
==12557== Conditional jump or move depends on uninitialised value(s)
==12557==    at 0x48D5C05: __vfprintf_internal (vfprintf-internal.c:1516)
==12557==    by 0x48C079E: printf (printf.c:33)
==12557==    by 0x109277: simple_print_buffer (0-main.c:27)
==12557==    by 0x1092E1: main (0-main.c:48)
==12557== 
==12557== 
==12557== HEAP SUMMARY:
==12557==     in use at exit: 0 bytes in 0 blocks
==12557==   total heap usage: 2 allocs, 2 frees, 1,122 bytes allocated
==12557== 
==12557== All heap blocks were freed -- no leaks are possible
==12557== 
==12557== Use --track-origins=yes to see where uninitialised values come from
==12557== For lists of detected and suppressed errors, rerun with: -s
==12557== ERROR SUMMARY: 388 errors from 4 contexts (suppressed: 0 from 0)
